<?xml version="1.0" encoding="UTF-8"?>
<testng-results skipped="0" failed="0" total="1" passed="1">
  <reporter-output>
  </reporter-output>
  <suite name="Default suite" duration-ms="4514" started-at="2016-04-27T11:12:37Z" finished-at="2016-04-27T11:12:42Z">
    <groups>
    </groups>
    <test name="Default test" duration-ms="4514" started-at="2016-04-27T11:12:37Z" finished-at="2016-04-27T11:12:42Z">
      <class name="test.ClassA">
        <test-method status="PASS" signature="m1()[pri:0, instance:test.ClassA@4d154ccd]" name="m1" duration-ms="4471" started-at="2016-04-27T16:42:37Z" finished-at="2016-04-27T16:42:42Z">
          <reporter-output>
          </reporter-output>
        </test-method> <!-- m1 -->
      </class> <!-- test.ClassA -->
    </test> <!-- Default test -->
  </suite> <!-- Default suite -->
</testng-results>
